Traceback (most recent call last):
  File "/home/runner/work/aquaticM/aquaticM/scripts/update_papers.py", line 332, in <module>
    main()
  File "/home/runner/work/aquaticM/aquaticM/scripts/update_papers.py", line 306, in main
    all_papers.extend(fetch_semantic_scholar(args.retmax, args.email, args.semantic_api_key, args.query_limit))
                      ^^^^^^^^^^^^^^^^^^^^^^^^^^^^^^^^^^^^^^^^^^^^^^^^^^^^^^^^^^^^^^^^^^^^^^^^^^^^^^^^^^^^^^^^
  File "/home/runner/work/aquaticM/aquaticM/scripts/update_papers.py", line 179, in fetch_semantic_scholar
    data = request_json(SEMANTIC_SCHOLAR_BASE, params, email, api_key)
           ^^^^^^^^^^^^^^^^^^^^^^^^^^^^^^^^^^^^^^^^^^^^^^^^^^^^^^^^^^^
  File "/home/runner/work/aquaticM/aquaticM/scripts/update_papers.py", line 137, in request_json
    with urllib.request.urlopen(request, timeout=50) as response:
         ^^^^^^^^^^^^^^^^^^^^^^^^^^^^^^^^^^^^^^^^^^^
  File "/opt/hostedtoolcache/Python/3.12.13/x64/lib/python3.12/urllib/request.py", line 215, in urlopen
    return opener.open(url, data, timeout)
           ^^^^^^^^^^^^^^^^^^^^^^^^^^^^^^^
  File "/opt/hostedtoolcache/Python/3.12.13/x64/lib/python3.12/urllib/request.py", line 515, in open
    response = self._open(req, data)
               ^^^^^^^^^^^^^^^^^^^^^
  File "/opt/hostedtoolcache/Python/3.12.13/x64/lib/python3.12/urllib/request.py", line 532, in _open
    result = self._call_chain(self.handle_open, protocol, protocol +
             ^^^^^^^^^^^^^^^^^^^^^^^^^^^^^^^^^^^^^^^^^^^^^^^^^^^^^^^
  File "/opt/hostedtoolcache/Python/3.12.13/x64/lib/python3.12/urllib/request.py", line 492, in _call_chain
    result = func(*args)
             ^^^^^^^^^^^
  File "/opt/hostedtoolcache/Python/3.12.13/x64/lib/python3.12/urllib/request.py", line 1392, in https_open
    return self.do_open(http.client.HTTPSConnection, req,
           ^^^^^^^^^^^^^^^^^^^^^^^^^^^^^^^^^^^^^^^^^^^^^^
  File "/opt/hostedtoolcache/Python/3.12.13/x64/lib/python3.12/urllib/request.py", line 1344, in do_open
    h.request(req.get_method(), req.selector, req.data, headers,
  File "/opt/hostedtoolcache/Python/3.12.13/x64/lib/python3.12/http/client.py", line 1358, in request
    self._send_request(method, url, body, headers, encode_chunked)
  File "/opt/hostedtoolcache/Python/3.12.13/x64/lib/python3.12/http/client.py", line 1399, in _send_request
    self.putheader(hdr, value)
  File "/opt/hostedtoolcache/Python/3.12.13/x64/lib/python3.12/http/client.py", line 1336, in putheader
    raise ValueError('Invalid header value %r' % (values[i],))
ValueError: Invalid header value b's2k-mP6Vz4zsmZzZtXUz4fLyMQU3R53XO3R9Zc8kYJY4\n'
